<?xml version="1.0" encoding="UTF-8"?>
<!-- Generated by org.testng.reporters.JUnitXMLReporter -->
<testsuite hostname="DESKTOP-KBKOPOV" name="Test" tests="2" failures="1" timestamp="17 Jul 2022 15:41:32 GMT" time="0.043" errors="0">
  <testcase name="testcase1" time="0.017" classname="pkg1.TC1"/>
  <testcase name="testcase1" time="0.0" classname="pkg1.TC2">
    <failure type="java.lang.Error" message="Unresolved compilation problem: 
	xSystem cannot be resolved
">
      <![CDATA[java.lang.Error: Unresolved compilation problem: 
	xSystem cannot be resolved

	at pkg1.TC2.testcase1(TC2.java:10)
... Removed 24 stack frames]]>
    </failure>
  </testcase> <!-- testcase1 -->
</testsuite> <!-- Test -->
