<?xml version="1.0" encoding="UTF-8"?>
<!-- Generated by org.testng.reporters.JUnitXMLReporter -->
<testsuite hostname="DESKTOP-KBKOPOV" name="Default test" tests="5" failures="0" timestamp="31 May 2022 06:18:27 GMT" time="0.299" errors="0">
  <testcase name="testcase1" time="0.008" classname="pkg1.DataDrivenTesting"/>
  <testcase name="testcase1" time="0.022" classname="pkg1.DataDrivenTesting"/>
  <testcase name="testcase1" time="0.004" classname="pkg1.DataDrivenTesting"/>
  <testcase name="testcase1" time="0.0" classname="pkg1.DataDrivenTesting"/>
  <testcase name="testcase1" time="0.016" classname="pkg1.DataDrivenTesting"/>
</testsuite> <!-- Default test -->
