<?xml version="1.0" encoding="UTF-8"?>
<testng-results skipped="0" failed="0" ignored="1" total="4" passed="3">
  <reporter-output>
  </reporter-output>
  <suite name="Default suite" duration-ms="69" started-at="2022-07-17T21:32:14 IST" finished-at="2022-07-17T21:32:14 IST">
    <groups>
    </groups>
    <test name="Default test" duration-ms="69" started-at="2022-07-17T21:32:14 IST" finished-at="2022-07-17T21:32:14 IST">
      <class name="org.testing.testscripts.Class1AllAnnotations">
        <test-method status="PASS" signature="beforesuite()[pri:0, instance:org.testing.testscripts.Class1AllAnnotations@4e718207]" name="beforesuite" is-config="true" duration-ms="9" started-at="2022-07-17T21:32:14 IST" finished-at="2022-07-17T21:32:14 IST">
          <reporter-output>
          </reporter-output>
        </test-method> <!-- beforesuite -->
        <test-method status="PASS" signature="beforetest()[pri:0, instance:org.testing.testscripts.Class1AllAnnotations@4e718207]" name="beforetest" is-config="true" duration-ms="0" started-at="2022-07-17T21:32:14 IST" finished-at="2022-07-17T21:32:14 IST">
          <reporter-output>
          </reporter-output>
        </test-method> <!-- beforetest -->
        <test-method status="PASS" signature="beforeclass()[pri:0, instance:org.testing.testscripts.Class1AllAnnotations@4e718207]" name="beforeclass" is-config="true" duration-ms="0" started-at="2022-07-17T21:32:14 IST" finished-at="2022-07-17T21:32:14 IST">
          <reporter-output>
          </reporter-output>
        </test-method> <!-- beforeclass -->
        <test-method status="PASS" signature="beforemethod()[pri:0, instance:org.testing.testscripts.Class1AllAnnotations@4e718207]" name="beforemethod" is-config="true" duration-ms="0" started-at="2022-07-17T21:32:14 IST" finished-at="2022-07-17T21:32:14 IST">
          <reporter-output>
          </reporter-output>
        </test-method> <!-- beforemethod -->
        <test-method status="PASS" signature="test2()[pri:0, instance:org.testing.testscripts.Class1AllAnnotations@4e718207]" name="test2" duration-ms="7" started-at="2022-07-17T21:32:14 IST" finished-at="2022-07-17T21:32:14 IST">
          <reporter-output>
          </reporter-output>
        </test-method> <!-- test2 -->
        <test-method status="PASS" signature="aftermethod()[pri:0, instance:org.testing.testscripts.Class1AllAnnotations@4e718207]" name="aftermethod" is-config="true" duration-ms="0" started-at="2022-07-17T21:32:14 IST" finished-at="2022-07-17T21:32:14 IST">
          <reporter-output>
          </reporter-output>
        </test-method> <!-- aftermethod -->
        <test-method status="PASS" signature="beforemethod()[pri:0, instance:org.testing.testscripts.Class1AllAnnotations@4e718207]" name="beforemethod" is-config="true" duration-ms="1" started-at="2022-07-17T21:32:14 IST" finished-at="2022-07-17T21:32:14 IST">
          <reporter-output>
          </reporter-output>
        </test-method> <!-- beforemethod -->
        <test-method status="PASS" signature="test()[pri:0, instance:org.testing.testscripts.Class1AllAnnotations@4e718207]" name="test" duration-ms="1" started-at="2022-07-17T21:32:14 IST" depends-on-methods="org.testing.testscripts.Class1AllAnnotations.test2" finished-at="2022-07-17T21:32:14 IST">
          <reporter-output>
          </reporter-output>
        </test-method> <!-- test -->
        <test-method status="PASS" signature="aftermethod()[pri:0, instance:org.testing.testscripts.Class1AllAnnotations@4e718207]" name="aftermethod" is-config="true" duration-ms="0" started-at="2022-07-17T21:32:14 IST" finished-at="2022-07-17T21:32:14 IST">
          <reporter-output>
          </reporter-output>
        </test-method> <!-- aftermethod -->
        <test-method status="PASS" signature="test1()[pri:1, instance:org.testing.testscripts.Class1AllAnnotations@4e718207]" name="test1" duration-ms="5" started-at="2022-07-17T21:32:14 IST" finished-at="2022-07-17T21:32:14 IST">
          <reporter-output>
          </reporter-output>
        </test-method> <!-- test1 -->
        <test-method status="PASS" signature="beforemethod()[pri:0, instance:org.testing.testscripts.Class1AllAnnotations@4e718207]" name="beforemethod" is-config="true" duration-ms="0" started-at="2022-07-17T21:32:14 IST" finished-at="2022-07-17T21:32:14 IST">
          <reporter-output>
          </reporter-output>
        </test-method> <!-- beforemethod -->
        <test-method status="PASS" signature="aftermethod()[pri:0, instance:org.testing.testscripts.Class1AllAnnotations@4e718207]" name="aftermethod" is-config="true" duration-ms="0" started-at="2022-07-17T21:32:14 IST" finished-at="2022-07-17T21:32:14 IST">
          <reporter-output>
          </reporter-output>
        </test-method> <!-- aftermethod -->
        <test-method status="PASS" signature="aftertest()[pri:0, instance:org.testing.testscripts.Class1AllAnnotations@4e718207]" name="aftertest" is-config="true" duration-ms="0" started-at="2022-07-17T21:32:14 IST" finished-at="2022-07-17T21:32:14 IST">
          <reporter-output>
          </reporter-output>
        </test-method> <!-- aftertest -->
        <test-method status="PASS" signature="afterclass()[pri:0, instance:org.testing.testscripts.Class1AllAnnotations@4e718207]" name="afterclass" is-config="true" duration-ms="0" started-at="2022-07-17T21:32:14 IST" finished-at="2022-07-17T21:32:14 IST">
          <reporter-output>
          </reporter-output>
        </test-method> <!-- afterclass -->
        <test-method status="PASS" signature="aftersuite()[pri:0, instance:org.testing.testscripts.Class1AllAnnotations@4e718207]" name="aftersuite" is-config="true" duration-ms="0" started-at="2022-07-17T21:32:14 IST" finished-at="2022-07-17T21:32:14 IST">
          <reporter-output>
          </reporter-output>
        </test-method> <!-- aftersuite -->
      </class> <!-- org.testing.testscripts.Class1AllAnnotations -->
    </test> <!-- Default test -->
  </suite> <!-- Default suite -->
</testng-results>
