<?xml version="1.0" encoding="UTF-8"?>
<!-- Generated by org.testng.reporters.JUnitXMLReporter -->
<testsuite hostname="DESKTOP-KBKOPOV" ignored="1" name="Default test" tests="3" failures="0" timestamp="2022-07-17T21:32:14 IST" time="0.069" errors="0">
  <testcase name="test2" time="0.007" classname="org.testing.testscripts.Class1AllAnnotations"/>
  <testcase name="test" time="0.001" classname="org.testing.testscripts.Class1AllAnnotations"/>
  <testcase name="test1" time="0.005" classname="org.testing.testscripts.Class1AllAnnotations"/>
  <testcase name="test3" time="0.0" classname="org.testing.testscripts.Class1AllAnnotations">
    <ignored/>
  </testcase> <!-- test3 -->
</testsuite> <!-- Default test -->
