<?xml version="1.0" encoding="UTF-8"?>
<!-- Generated by org.testng.reporters.JUnitXMLReporter -->
<testsuite hostname="DESKTOP-KBKOPOV" ignored="0" name="Command line test f2210a40-faec-4d39-9174-5929c5cca888" tests="5" failures="0" timestamp="2022-05-29T00:38:01 IST" time="197.606" errors="0">
  <testcase name="test" time="36.814" classname="org.testing.testscripts.TC1"/>
  <testcase name="test" time="31.567" classname="org.testing.testscripts.TC2"/>
  <testcase name="test" time="32.843" classname="org.testing.testscripts.TC5"/>
  <testcase name="test" time="39.012" classname="org.testing.testscripts.TC6"/>
  <testcase name="test" time="25.848" classname="org.testing.testscripts.TC8"/>
</testsuite> <!-- Command line test f2210a40-faec-4d39-9174-5929c5cca888 -->
