<?xml version="1.0" encoding="UTF-8"?>
<!-- Generated by org.testng.reporters.JUnitXMLReporter -->
<testsuite hostname="DESKTOP-KBKOPOV" ignored="0" name="Command line test dd6de754-a11e-43ea-9a6e-d9c2083d45b4" tests="5" failures="0" timestamp="2022-05-26T13:04:32 IST" time="146.046" errors="0">
  <testcase name="test" time="30.634" classname="org.testing.testscripts.TC1"/>
  <testcase name="test" time="24.975" classname="org.testing.testscripts.TC2"/>
  <testcase name="test" time="23.114" classname="org.testing.testscripts.TC5"/>
  <testcase name="test" time="19.258" classname="org.testing.testscripts.TC6"/>
  <testcase name="test" time="16.783" classname="org.testing.testscripts.TC8"/>
</testsuite> <!-- Command line test dd6de754-a11e-43ea-9a6e-d9c2083d45b4 -->
